<?xml version="1.0" encoding="UTF-8"?>
<testng-results skipped="0" failed="0" total="1" passed="1">
  <reporter-output>
  </reporter-output>
  <suite name="Surefire suite" duration-ms="23184" started-at="2016-06-29T10:45:48Z" finished-at="2016-06-29T10:46:12Z">
    <groups>
    </groups>
    <test name="Surefire test" duration-ms="23184" started-at="2016-06-29T10:45:48Z" finished-at="2016-06-29T10:46:12Z">
      <class name="com.gmail.tests.VerifyUnreadEmailsTest">
        <test-method status="PASS" signature="setUpLocal(java.lang.String, java.lang.String, java.lang.String)[pri:0, instance:com.gmail.tests.VerifyUnreadEmailsTest@7f690630]" name="setUpLocal" is-config="true" duration-ms="5348" started-at="2016-06-29T10:45:48Z" finished-at="2016-06-29T10:45:54Z">
          <params>
            <param index="0">
              <value>
                <![CDATA[-1]]>
              </value>
            </param>
            <param index="1">
              <value>
                <![CDATA[]]>
              </value>
            </param>
            <param index="2">
              <value>
                <![CDATA[firefox]]>
              </value>
            </param>
          </params>
        </test-method>
        <test-method status="PASS" signature="runVerifyUnreadEmailsTest()[pri:0, instance:com.gmail.tests.VerifyUnreadEmailsTest@7f690630]" name="runVerifyUnreadEmailsTest" duration-ms="17806" started-at="2016-06-29T10:45:54Z" finished-at="2016-06-29T10:46:12Z">
        </test-method>
        <test-method status="PASS" signature="close()[pri:0, instance:com.gmail.tests.VerifyUnreadEmailsTest@7f690630]" name="close" is-config="true" duration-ms="0" started-at="2016-06-29T10:46:12Z" finished-at="2016-06-29T10:46:12Z">
        </test-method>
      </class>
    </test>
  </suite>
</testng-results>
