<?xml version="1.0" encoding="UTF-8"?>
<testsuite xmlns:xsi="http://www.w3.org/2001/XMLSchema-instance" xsi:schemaLocation="https://maven.apache.org/surefire/maven-surefire-plugin/xsd/surefire-test-report.xsd" name="TestSuite" time="140.091" tests="6" errors="0" skipped="0" failures="1">
  <properties>
[...]
</properties>
  <testcase name="loginLogOut" classname="com.gmail.tests.LoginLogOutTest" time="16.17"/>
  <testcase name="deleteEmail" classname="com.gmail.tests.DeleteEmailTest" time="7.071"/>
  <testcase name="runVerifyUnreadEmailsTest" classname="com.gmail.tests.DeleteEmailTest" time="21.505"/>
  <testcase name="runVerifyUnreadEmailsTest" classname="com.gmail.tests.VerifyUnreadEmailsTest" time="19.725"/>
  <testcase name="createAccount" classname="com.gmail.tests.CreateAccountTest" time="26.705"/>
  <testcase name="runSendEmailTest" classname="com.gmail.tests.SendEmailTest" time="35.172">
    <failure message="Element is not currently visible and so may not be interacted with&#10;Command duration or timeout: 10.12 seconds&#10;Build info: version: &apos;2.48.2&apos;, revision: &apos;41bccdd10cf2c0560f637404c2d96164b67d9d67&apos;, time: &apos;2015-10-09 13:08:06&apos;&#10;System info: host: &apos;b-Sat-M645&apos;, ip: &apos;127.0.1.1&apos;, os.name: &apos;Linux&apos;, os.arch: &apos;amd64&apos;, os.version: &apos;3.13.0-46-generic&apos;, java.version: &apos;1.7.0_85&apos;&#10;Session ID: 848b1217-222d-4283-bbc9-2dbabfc2c4ef&#10;Driver info: org.openqa.selenium.firefox.FirefoxDriver&#10;Capabilities [{platform=LINUX, acceptSslCerts=true, javascriptEnabled=true, cssSelectorsEnabled=true, databaseEnabled=true, browserName=firefox, handlesAlerts=true, nativeEvents=false, webStorageEnabled=true, rotatable=false, locationContextEnabled=true, applicationCacheEnabled=true, takesScreenshot=true, version=36.0.1}]" type="org.openqa.selenium.ElementNotVisibleException">org.openqa.selenium.ElementNotVisibleException: 
Element is not currently visible and so may not be interacted with
Command duration or timeout: 10.12 seconds
Build info: version: '2.48.2', revision: '41bccdd10cf2c0560f637404c2d96164b67d9d67', time: '2015-10-09 13:08:06'
System info: host: 'b-Sat-M645', ip: '127.0.1.1', os.name: 'Linux', os.arch: 'amd64', os.version: '3.13.0-46-generic', java.version: '1.7.0_85'
Session ID: 848b1217-222d-4283-bbc9-2dbabfc2c4ef
Driver info: org.openqa.selenium.firefox.FirefoxDriver
Capabilities [{platform=LINUX, acceptSslCerts=true, javascriptEnabled=true, cssSelectorsEnabled=true, databaseEnabled=true, browserName=firefox, handlesAlerts=true, nativeEvents=false, webStorageEnabled=true, rotatable=false, locationContextEnabled=true, applicationCacheEnabled=true, takesScreenshot=true, version=36.0.1}]
	at com.gmail.tests.SendEmailTest.runSendEmailTest(SendEmailTest.java:52)
Caused by: org.openqa.selenium.ElementNotVisibleException: 
Element is not currently visible and so may not be interacted with
Build info: version: '2.48.2', revision: '41bccdd10cf2c0560f637404c2d96164b67d9d67', time: '2015-10-09 13:08:06'
System info: host: 'b-Sat-M645', ip: '127.0.1.1', os.name: 'Linux', os.arch: 'amd64', os.version: '3.13.0-46-generic', java.version: '1.7.0_85'
Driver info: driver.version: unknown
</failure>
  </testcase>
</testsuite>